  Account.cpp
D:\Курсач ООП\Курсач ООП\Account.cpp(35,23): warning C4018: <: несоответствие типов со знаком и без знака
D:\Курсач ООП\Курсач ООП\Account.cpp(43,23): warning C4018: <: несоответствие типов со знаком и без знака
D:\Курсач ООП\Курсач ООП\Account.cpp(97,21): warning C4018: <: несоответствие типов со знаком и без знака
  Administrator.cpp
D:\Курсач ООП\Курсач ООП\Administrator.cpp(131,21): warning C4018: <: несоответствие типов со знаком и без знака
D:\Курсач ООП\Курсач ООП\Administrator.cpp(151,19): warning C4018: <: несоответствие типов со знаком и без знака
D:\Курсач ООП\Курсач ООП\Administrator.cpp(213,21): warning C4018: <: несоответствие типов со знаком и без знака
D:\Курсач ООП\Курсач ООП\Administrator.cpp(234,20): warning C4018: <: несоответствие типов со знаком и без знака
D:\Курсач ООП\Курсач ООП\Administrator.cpp(376,21): warning C4018: <: несоответствие типов со знаком и без знака
D:\Курсач ООП\Курсач ООП\Administrator.cpp(397,20): warning C4018: <: несоответствие типов со знаком и без знака
  Functions.cpp
D:\Курсач ООП\Курсач ООП\Functions.cpp(126,22): warning C4018: <: несоответствие типов со знаком и без знака
D:\Курсач ООП\Курсач ООП\Functions.cpp(160,22): warning C4018: <: несоответствие типов со знаком и без знака
  Main.cpp
  Menu.cpp
D:\Курсач ООП\Курсач ООП\Menu.cpp(18,21): warning C4018: <: несоответствие типов со знаком и без знака
D:\Курсач ООП\Курсач ООП\Menu.cpp(41,20): warning C4018: <: несоответствие типов со знаком и без знака
D:\Курсач ООП\Курсач ООП\Menu.cpp(109,21): warning C4018: <: несоответствие типов со знаком и без знака
D:\Курсач ООП\Курсач ООП\Menu.cpp(129,20): warning C4018: <: несоответствие типов со знаком и без знака
D:\Курсач ООП\Курсач ООП\Menu.cpp(157,21): warning C4018: <: несоответствие типов со знаком и без знака
D:\Курсач ООП\Курсач ООП\Menu.cpp(177,20): warning C4018: <: несоответствие типов со знаком и без знака
  Patient.cpp
D:\Курсач ООП\Курсач ООП\Patient.cpp(146,21): warning C4018: <: несоответствие типов со знаком и без знака
D:\Курсач ООП\Курсач ООП\Patient.cpp(266,21): warning C4018: <: несоответствие типов со знаком и без знака
D:\Курсач ООП\Курсач ООП\Patient.cpp(315,21): warning C4018: <: несоответствие типов со знаком и без знака
D:\Курсач ООП\Курсач ООП\Patient.cpp(335,19): warning C4018: <: несоответствие типов со знаком и без знака
D:\Курсач ООП\Курсач ООП\Patient.cpp(612,21): warning C4018: <: несоответствие типов со знаком и без знака
D:\Курсач ООП\Курсач ООП\Patient.cpp(632,20): warning C4018: <: несоответствие типов со знаком и без знака
D:\Курсач ООП\Курсач ООП\Patient.cpp(675,21): warning C4018: <: несоответствие типов со знаком и без знака
D:\Курсач ООП\Курсач ООП\Patient.cpp(695,20): warning C4018: <: несоответствие типов со знаком и без знака
  Создание кода...
C:\Program Files (x86)\Microsoft Visual Studio\2019\Community\MSBuild\Microsoft\VC\v160\Microsoft.CppCommon.targets(1074,5): error MSB6006: "link.exe" завершилась с кодом 1168.
LINK : fatal error LNK1168: не удается открыть D:\Курсач ООП\Debug\Курсач ООП.exe для записи
